<?xml version="1.0" encoding="UTF-8"?>
<testsuites name="Mocha Tests" time="0.005" tests="8" failures="0">
  <testsuite name="Root Suite" timestamp="2018-03-09T10:19:42" tests="0" failures="0" time="0">
  </testsuite>
  <testsuite name="Mocha" timestamp="2018-03-09T10:19:42" tests="1" file="/Users/olafurholmeythorsson/Documents/dev/Battleship/test/main_test.js" failures="0" time="0.001">
    <testcase name="Mocha should run our tests using npm" time="0.001" classname="should run our tests using npm">
    </testcase>
  </testsuite>
  <testsuite name="checkForShip" timestamp="2018-03-09T10:19:42" tests="4" file="/Users/olafurholmeythorsson/Documents/dev/Battleship/test/ship_test.js" failures="0" time="0.002">
    <testcase name="checkForShip should correctly report no ship at a given players coordinates" time="0.001" classname="should correctly report no ship at a given players coordinates">
    </testcase>
    <testcase name="checkForShip should correctly report a ship located at the given coordinates" time="0" classname="should correctly report a ship located at the given coordinates">
    </testcase>
    <testcase name="checkForShip should handle ships located at more than one cooardinate" time="0.001" classname="should handle ships located at more than one cooardinate">
    </testcase>
    <testcase name="checkForShip should handle checking multiple ships" time="0" classname="should handle checking multiple ships">
    </testcase>
  </testsuite>
  <testsuite name="damageShip" timestamp="2018-03-09T10:19:42" tests="1" file="/Users/olafurholmeythorsson/Documents/dev/Battleship/test/ship_test.js" failures="0" time="0.002">
    <testcase name="damageShip should register damage on a given ship at a given location" time="0.002" classname="should register damage on a given ship at a given location">
    </testcase>
  </testsuite>
  <testsuite name="fire" timestamp="2018-03-09T10:19:42" tests="2" file="/Users/olafurholmeythorsson/Documents/dev/Battleship/test/ship_test.js" failures="0" time="0">
    <testcase name="fire should record damage on the given players ship at a given cooardinate" time="0" classname="should record damage on the given players ship at a given cooardinate">
    </testcase>
    <testcase name="fire should NOT record damage if there is no ship at my cooardinate" time="0" classname="should NOT record damage if there is no ship at my cooardinate">
    </testcase>
  </testsuite>
</testsuites>